<?xml version="1.0" encoding="UTF-8"?>
<!-- Generated by org.testng.reporters.JUnitXMLReporter -->
<testsuite hostname="admin-PC" ignored="0" name="Test" tests="2" failures="1" timestamp="21 Nov 2018 16:38:53 GMT" time="16.396" errors="0">
  <testcase name="verifyCreateCustomer" time="9.897" classname="com.ghoshchandan19.RestAssured1.TestCases.VerifyCustomerApi"/>
  <testcase name="verifydeleteCustomer" time="3.789" classname="com.ghoshchandan19.RestAssured1.TestCases.VerifyCustomerApi">
    <failure type="java.lang.AssertionError" message="expected [true] but found [null]">
      <![CDATA[java.lang.AssertionError: expected [true] but found [null]
	at com.ghoshchandan19.RestAssured1.TestCases.VerifyCustomerApi.verifydeleteCustomer(VerifyCustomerApi.java:51)
... Removed 30 stack frames]]>
    </failure>
  </testcase> <!-- verifydeleteCustomer -->
</testsuite> <!-- Test -->
