<?xml version="1.0" encoding="UTF-8"?>
<!-- Generated by org.testng.reporters.JUnitXMLReporter -->
<testsuite hostname="admin-PC" ignored="0" name="Test" tests="2" failures="1" timestamp="01 Nov 2018 00:47:25 GMT" time="8.856" errors="0">
  <testcase name="verifyCreateCustomer" time="4.503" classname="com.ghoshchandan19.RestAssured1.TestCases.VerifyCustomerApi"/>
  <testcase name="verifydeleteCustomer" time="3.442" classname="com.ghoshchandan19.RestAssured1.TestCases.VerifyCustomerApi">
    <failure type="java.lang.AssertionError" message="expected [true] but found [null]">
      <![CDATA[java.lang.AssertionError: expected [true] but found [null]
at com.ghoshchandan19.RestAssured1.TestCases.VerifyCustomerApi.verifydeleteCustomer(VerifyCustomerApi.java:51)
... Removed 30 stack frames]]>
    </failure>
  </testcase> <!-- verifydeleteCustomer -->
</testsuite> <!-- Test -->
